#-----------------------------------------------------------
# Webtalk v2018.3 (64-bit)
# SW Build 2405991 on Thu Dec  6 23:36:41 MST 2018
# 
# Start of session at: Fri Oct 11 05:36:50 2024
# Process ID: 464938
# Current directory: /home/josh/projects/ece1195/lab3/lab_3/lab_3.sdk/webtalk
# Command line: wbtcv -mode batch -source sdk_webtalk.tcl
# Log file: /home/josh/projects/ece1195/lab3/lab_3/lab_3.sdk/webtalk/webtalk.log
# Journal file: /home/josh/projects/ece1195/lab3/lab_3/lab_3.sdk/webtalk/webtalk.jou
#-----------------------------------------------------------
source sdk_webtalk.tcl
# webtalk_init -webtalk_dir /home/josh/projects/ece1195/lab3/lab_3/lab_3.sdk/webtalk
# webtalk_register_client -client project
# webtalk_add_data -client project -key date_generated -value "2024-10-11 05:36:50" -context "software_version_and_target_device"
# webtalk_add_data -client project -key product_version -value "SDK v2018.3" -context "software_version_and_target_device"
# webtalk_add_data -client project -key build_version -value "2018.3" -context "software_version_and_target_device"
# webtalk_add_data -client project -key os_platform -value "amd64" -context "software_version_and_target_device"
# webtalk_add_data -client project -key registration_id -value "" -context "software_version_and_target_device"
# webtalk_add_data -client project -key tool_flow -value "SDK" -context "software_version_and_target_device"
# webtalk_add_data -client project -key beta -value "false" -context "software_version_and_target_device"
# webtalk_add_data -client project -key route_design -value "NA" -context "software_version_and_target_device"
# webtalk_add_data -client project -key target_family -value "NA" -context "software_version_and_target_device"
# webtalk_add_data -client project -key target_device -value "NA" -context "software_version_and_target_device"
# webtalk_add_data -client project -key target_package -value "NA" -context "software_version_and_target_device"
# webtalk_add_data -client project -key target_speed -value "NA" -context "software_version_and_target_device"
# webtalk_add_data -client project -key random_id -value "k2tahlbo3e6jhdsmo8glodh75t" -context "software_version_and_target_device"
# webtalk_add_data -client project -key project_id -value "2018.3_1" -context "software_version_and_target_device"
# webtalk_add_data -client project -key project_iteration -value "1" -context "software_version_and_target_device"
# webtalk_add_data -client project -key os_name -value "unknown" -context "user_environment"
# webtalk_add_data -client project -key os_release -value "unknown" -context "user_environment"
# webtalk_add_data -client project -key cpu_name -value "AMD Ryzen 7 7800X3D 8-Core Processor" -context "user_environment"
# webtalk_add_data -client project -key cpu_speed -value "3266.575 MHz" -context "user_environment"
# webtalk_add_data -client project -key total_processors -value "1" -context "user_environment"
# webtalk_add_data -client project -key system_ram -value "32.747 GB" -context "user_environment"
# webtalk_register_client -client sdk
# webtalk_add_data -client sdk -key uid -value "1728634648000" -context "sdk\\\\hardware/1728634648000"
# webtalk_add_data -client sdk -key isZynq -value "true" -context "sdk\\\\hardware/1728634648000"
# webtalk_add_data -client sdk -key isZynqMP -value "false" -context "sdk\\\\hardware/1728634648000"
# webtalk_add_data -client sdk -key Processors -value "2" -context "sdk\\\\hardware/1728634648000"
# webtalk_add_data -client sdk -key VivadoVersion -value "2018.3" -context "sdk\\\\hardware/1728634648000"
# webtalk_add_data -client sdk -key Arch -value "zynq" -context "sdk\\\\hardware/1728634648000"
# webtalk_add_data -client sdk -key Device -value "7z020" -context "sdk\\\\hardware/1728634648000"
# webtalk_add_data -client sdk -key IsHandoff -value "true" -context "sdk\\\\hardware/1728634648000"
# webtalk_add_data -client sdk -key os -value "NA" -context "sdk\\\\hardware/1728634648000"
# webtalk_add_data -client sdk -key apptemplate -value "NA" -context "sdk\\\\hardware/1728634648000"
# webtalk_add_data -client sdk -key RecordType -value "HWCreation" -context "sdk\\\\hardware/1728634648000"
# webtalk_add_data -client sdk -key uid -value "1728634711000" -context "sdk\\\\bsp/1728634711000"
# webtalk_add_data -client sdk -key hwid -value "1728634648000" -context "sdk\\\\bsp/1728634711000"
# webtalk_add_data -client sdk -key os -value "standalone" -context "sdk\\\\bsp/1728634711000"
# webtalk_add_data -client sdk -key apptemplate -value "empty_application" -context "sdk\\\\bsp/1728634711000"
# webtalk_add_data -client sdk -key RecordType -value "BSPCreation" -context "sdk\\\\bsp/1728634711000"
# webtalk_add_data -client sdk -key uid -value "1728634712000" -context "sdk\\\\application/1728634712000"
# webtalk_add_data -client sdk -key hwid -value "1728634648000" -context "sdk\\\\application/1728634712000"
# webtalk_add_data -client sdk -key bspid -value "1728634711000" -context "sdk\\\\application/1728634712000"
# webtalk_add_data -client sdk -key newbsp -value "true" -context "sdk\\\\application/1728634712000"
# webtalk_add_data -client sdk -key os -value "standalone" -context "sdk\\\\application/1728634712000"
# webtalk_add_data -client sdk -key apptemplate -value "empty_application" -context "sdk\\\\application/1728634712000"
# webtalk_add_data -client sdk -key RecordType -value "APPCreation" -context "sdk\\\\application/1728634712000"
# webtalk_add_data -client sdk -key LangUsed -value "C" -context "sdk\\\\application/1728634712000"
# webtalk_add_data -client sdk -key Procused -value "ps7_cortexa9" -context "sdk\\\\application/1728634712000"
# webtalk_add_data -client sdk -key projSize -value "242.19140625" -context "sdk\\\\application/1728634712000"
# webtalk_add_data -client sdk -key uid -value "NA" -context "sdk\\\\bsp/1728639410290"
# webtalk_add_data -client sdk -key RecordType -value "ToolUsage" -context "sdk\\\\bsp/1728639410290"
# webtalk_add_data -client sdk -key BootgenCount -value "0" -context "sdk\\\\bsp/1728639410290"
# webtalk_add_data -client sdk -key DebugCount -value "42" -context "sdk\\\\bsp/1728639410290"
# webtalk_add_data -client sdk -key PerfCount -value "0" -context "sdk\\\\bsp/1728639410290"
# webtalk_add_data -client sdk -key FlashCount -value "0" -context "sdk\\\\bsp/1728639410290"
# webtalk_add_data -client sdk -key CrossTriggCount -value "0" -context "sdk\\\\bsp/1728639410290"
# webtalk_add_data -client sdk -key QemuDebugCount -value "0" -context "sdk\\\\bsp/1728639410290"
# webtalk_transmit -clientid 3679673389 -regid "" -xml /home/josh/projects/ece1195/lab3/lab_3/lab_3.sdk/webtalk/usage_statistics_ext_sdk.xml -html /home/josh/projects/ece1195/lab3/lab_3/lab_3.sdk/webtalk/usage_statistics_ext_sdk.html -wdm /home/josh/projects/ece1195/lab3/lab_3/lab_3.sdk/webtalk/sdk_webtalk.wdm -intro "<H3>SDK Usage Report</H3><BR>"
# webtalk_terminate
INFO: [Common 17-206] Exiting Webtalk at Fri Oct 11 05:36:50 2024...
